<?xml version="1.0" encoding="UTF-8"?>
<testng-results skipped="0" failed="0" ignored="0" total="0" passed="0">
  <reporter-output>
  </reporter-output>
  <suite name="com.qa.runners.MyRunnerTest" duration-ms="11" started-at="2022-01-10T16:58:16 GMT" finished-at="2022-01-10T16:58:16 GMT">
    <groups>
    </groups>
    <test name="Command line test" duration-ms="11" started-at="2022-01-10T16:58:16 GMT" finished-at="2022-01-10T16:58:16 GMT">
    </test> <!-- Command line test -->
  </suite> <!-- com.qa.runners.MyRunnerTest -->
</testng-results>
